<?xml version="1.0" encoding="UTF-8"?>
<testng-results ignored="0" total="2" passed="2" failed="0" skipped="0">
  <reporter-output>
  </reporter-output>
  <suite started-at="2024-04-10T17:41:10 IST" name="Default suite" finished-at="2024-04-10T17:41:39 IST" duration-ms="28877">
    <groups>
    </groups>
    <test started-at="2024-04-10T17:41:10 IST" name="Default test" finished-at="2024-04-10T17:41:39 IST" duration-ms="28877">
      <class name="testScripts.LoginPageTest">
        <test-method is-config="true" signature="openBrowser(java.lang.String)[pri:0, instance:testScripts.LoginPageTest@702657cc]" started-at="2024-04-10T17:41:10 IST" name="openBrowser" finished-at="2024-04-10T17:41:12 IST" duration-ms="1996" status="PASS">
          <params>
            <param index="0">
              <value>
                <![CDATA[chrome]]>
              </value>
            </param>
          </params>
          <reporter-output>
          </reporter-output>
        </test-method> <!-- openBrowser -->
        <test-method is-config="true" signature="cretePOMObjects()[pri:0, instance:testScripts.LoginPageTest@702657cc]" started-at="2024-04-10T17:41:12 IST" name="cretePOMObjects" finished-at="2024-04-10T17:41:12 IST" duration-ms="77" status="PASS">
          <reporter-output>
          </reporter-output>
        </test-method> <!-- cretePOMObjects -->
        <test-method is-config="true" signature="openApplication()[pri:0, instance:testScripts.LoginPageTest@702657cc]" started-at="2024-04-10T17:41:12 IST" name="openApplication" finished-at="2024-04-10T17:41:31 IST" duration-ms="18749" status="PASS">
          <reporter-output>
          </reporter-output>
        </test-method> <!-- openApplication -->
        <test-method signature="verifyLoginbutton()[pri:1, instance:testScripts.LoginPageTest@702657cc]" started-at="2024-04-10T17:41:31 IST" name="verifyLoginbutton" finished-at="2024-04-10T17:41:31 IST" duration-ms="26" status="PASS">
          <reporter-output>
          </reporter-output>
        </test-method> <!-- verifyLoginbutton -->
        <test-method is-config="true" signature="logoutApplication(org.testng.ITestResult)[pri:0, instance:testScripts.LoginPageTest@702657cc]" started-at="2024-04-10T17:41:31 IST" name="logoutApplication" finished-at="2024-04-10T17:41:31 IST" duration-ms="253" status="PASS">
          <params>
            <param index="0">
              <value>
                <![CDATA[[TestResult name=verifyLoginbutton status=SUCCESS method=LoginPageTest.verifyLoginbutton()[pri:1, instance:testScripts.LoginPageTest@702657cc] output={null}]]]>
              </value>
            </param>
          </params>
          <reporter-output>
          </reporter-output>
        </test-method> <!-- logoutApplication -->
        <test-method is-config="true" signature="openApplication()[pri:0, instance:testScripts.LoginPageTest@702657cc]" started-at="2024-04-10T17:41:31 IST" name="openApplication" finished-at="2024-04-10T17:41:38 IST" duration-ms="7189" status="PASS">
          <reporter-output>
          </reporter-output>
        </test-method> <!-- openApplication -->
        <test-method signature="verifyLogo()[pri:2, instance:testScripts.LoginPageTest@702657cc]" started-at="2024-04-10T17:41:38 IST" name="verifyLogo" finished-at="2024-04-10T17:41:39 IST" duration-ms="103" status="PASS">
          <reporter-output>
          </reporter-output>
        </test-method> <!-- verifyLogo -->
        <test-method is-config="true" signature="logoutApplication(org.testng.ITestResult)[pri:0, instance:testScripts.LoginPageTest@702657cc]" started-at="2024-04-10T17:41:39 IST" name="logoutApplication" finished-at="2024-04-10T17:41:39 IST" duration-ms="254" status="PASS">
          <params>
            <param index="0">
              <value>
                <![CDATA[[TestResult name=verifyLogo status=SUCCESS method=LoginPageTest.verifyLogo()[pri:2, instance:testScripts.LoginPageTest@702657cc] output={null}]]]>
              </value>
            </param>
          </params>
          <reporter-output>
          </reporter-output>
        </test-method> <!-- logoutApplication -->
        <test-method is-config="true" signature="clearObjects()[pri:0, instance:testScripts.LoginPageTest@702657cc]" started-at="2024-04-10T17:41:39 IST" name="clearObjects" finished-at="2024-04-10T17:41:39 IST" duration-ms="0" status="PASS">
          <reporter-output>
          </reporter-output>
        </test-method> <!-- clearObjects -->
        <test-method is-config="true" signature="closeBrowser()[pri:0, instance:testScripts.LoginPageTest@702657cc]" started-at="2024-04-10T17:41:39 IST" name="closeBrowser" finished-at="2024-04-10T17:41:39 IST" duration-ms="155" status="PASS">
          <reporter-output>
          </reporter-output>
        </test-method> <!-- closeBrowser -->
      </class> <!-- testScripts.LoginPageTest -->
    </test> <!-- Default test -->
  </suite> <!-- Default suite -->
</testng-results>
