<?xml version="1.0" encoding="UTF-8"?>
<testng-results ignored="0" total="4" passed="4" failed="0" skipped="0">
  <reporter-output>
  </reporter-output>
  <suite started-at="2024-03-26T10:30:38 IST" name="Default suite" finished-at="2024-03-26T10:30:38 IST" duration-ms="63">
    <groups>
    </groups>
    <test started-at="2024-03-26T10:30:38 IST" name="Default test" finished-at="2024-03-26T10:30:38 IST" duration-ms="63">
      <class name="testScripts.TestClass">
        <test-method is-config="true" signature="beforeSuite()[pri:0, instance:testScripts.TestClass@43bc63a3]" started-at="2024-03-26T10:30:38 IST" name="beforeSuite" finished-at="2024-03-26T10:30:38 IST" duration-ms="8" status="PASS">
          <reporter-output>
          </reporter-output>
        </test-method> <!-- beforeSuite -->
        <test-method is-config="true" signature="beforeTest()[pri:0, instance:testScripts.TestClass@43bc63a3]" started-at="2024-03-26T10:30:38 IST" name="beforeTest" finished-at="2024-03-26T10:30:38 IST" duration-ms="0" status="PASS">
          <reporter-output>
          </reporter-output>
        </test-method> <!-- beforeTest -->
        <test-method is-config="true" signature="beforeClass()[pri:0, instance:testScripts.TestClass@43bc63a3]" started-at="2024-03-26T10:30:38 IST" name="beforeClass" finished-at="2024-03-26T10:30:38 IST" duration-ms="0" status="PASS">
          <reporter-output>
          </reporter-output>
        </test-method> <!-- beforeClass -->
        <test-method is-config="true" signature="beforeMethod()[pri:0, instance:testScripts.TestClass@43bc63a3]" started-at="2024-03-26T10:30:38 IST" name="beforeMethod" finished-at="2024-03-26T10:30:38 IST" duration-ms="0" status="PASS">
          <reporter-output>
          </reporter-output>
        </test-method> <!-- beforeMethod -->
        <test-method signature="testD()[pri:-1, instance:testScripts.TestClass@43bc63a3]" started-at="2024-03-26T10:30:38 IST" name="testD" finished-at="2024-03-26T10:30:38 IST" duration-ms="5" status="PASS">
          <reporter-output>
          </reporter-output>
        </test-method> <!-- testD -->
        <test-method is-config="true" signature="afterMethod()[pri:0, instance:testScripts.TestClass@43bc63a3]" started-at="2024-03-26T10:30:38 IST" name="afterMethod" finished-at="2024-03-26T10:30:38 IST" duration-ms="1" status="PASS">
          <reporter-output>
          </reporter-output>
        </test-method> <!-- afterMethod -->
        <test-method signature="testA()[pri:1, instance:testScripts.TestClass@43bc63a3]" started-at="2024-03-26T10:30:38 IST" name="testA" finished-at="2024-03-26T10:30:38 IST" depends-on-methods="testScripts.TestClass.testD" duration-ms="2" status="PASS">
          <reporter-output>
          </reporter-output>
        </test-method> <!-- testA -->
        <test-method is-config="true" signature="beforeMethod()[pri:0, instance:testScripts.TestClass@43bc63a3]" started-at="2024-03-26T10:30:38 IST" name="beforeMethod" finished-at="2024-03-26T10:30:38 IST" duration-ms="0" status="PASS">
          <reporter-output>
          </reporter-output>
        </test-method> <!-- beforeMethod -->
        <test-method is-config="true" signature="afterMethod()[pri:0, instance:testScripts.TestClass@43bc63a3]" started-at="2024-03-26T10:30:38 IST" name="afterMethod" finished-at="2024-03-26T10:30:38 IST" duration-ms="1" status="PASS">
          <reporter-output>
          </reporter-output>
        </test-method> <!-- afterMethod -->
        <test-method signature="testB()[pri:2, instance:testScripts.TestClass@43bc63a3]" started-at="2024-03-26T10:30:38 IST" name="testB" finished-at="2024-03-26T10:30:38 IST" duration-ms="7" status="PASS">
          <reporter-output>
          </reporter-output>
        </test-method> <!-- testB -->
        <test-method is-config="true" signature="beforeMethod()[pri:0, instance:testScripts.TestClass@43bc63a3]" started-at="2024-03-26T10:30:38 IST" name="beforeMethod" finished-at="2024-03-26T10:30:38 IST" duration-ms="0" status="PASS">
          <reporter-output>
          </reporter-output>
        </test-method> <!-- beforeMethod -->
        <test-method is-config="true" signature="afterMethod()[pri:0, instance:testScripts.TestClass@43bc63a3]" started-at="2024-03-26T10:30:38 IST" name="afterMethod" finished-at="2024-03-26T10:30:38 IST" duration-ms="0" status="PASS">
          <reporter-output>
          </reporter-output>
        </test-method> <!-- afterMethod -->
        <test-method signature="testC()[pri:3, instance:testScripts.TestClass@43bc63a3]" started-at="2024-03-26T10:30:38 IST" name="testC" finished-at="2024-03-26T10:30:38 IST" duration-ms="3" status="PASS">
          <reporter-output>
          </reporter-output>
        </test-method> <!-- testC -->
        <test-method is-config="true" signature="beforeMethod()[pri:0, instance:testScripts.TestClass@43bc63a3]" started-at="2024-03-26T10:30:38 IST" name="beforeMethod" finished-at="2024-03-26T10:30:38 IST" duration-ms="0" status="PASS">
          <reporter-output>
          </reporter-output>
        </test-method> <!-- beforeMethod -->
        <test-method is-config="true" signature="afterMethod()[pri:0, instance:testScripts.TestClass@43bc63a3]" started-at="2024-03-26T10:30:38 IST" name="afterMethod" finished-at="2024-03-26T10:30:38 IST" duration-ms="1" status="PASS">
          <reporter-output>
          </reporter-output>
        </test-method> <!-- afterMethod -->
        <test-method is-config="true" signature="afterClass()[pri:0, instance:testScripts.TestClass@43bc63a3]" started-at="2024-03-26T10:30:38 IST" name="afterClass" finished-at="2024-03-26T10:30:38 IST" duration-ms="1" status="PASS">
          <reporter-output>
          </reporter-output>
        </test-method> <!-- afterClass -->
        <test-method is-config="true" signature="afterTest()[pri:0, instance:testScripts.TestClass@43bc63a3]" started-at="2024-03-26T10:30:38 IST" name="afterTest" finished-at="2024-03-26T10:30:38 IST" duration-ms="1" status="PASS">
          <reporter-output>
          </reporter-output>
        </test-method> <!-- afterTest -->
        <test-method is-config="true" signature="afterSuite()[pri:0, instance:testScripts.TestClass@43bc63a3]" started-at="2024-03-26T10:30:38 IST" name="afterSuite" finished-at="2024-03-26T10:30:38 IST" duration-ms="0" status="PASS">
          <reporter-output>
          </reporter-output>
        </test-method> <!-- afterSuite -->
      </class> <!-- testScripts.TestClass -->
    </test> <!-- Default test -->
  </suite> <!-- Default suite -->
</testng-results>
