<?xml version="1.0" encoding="UTF-8"?>
<testng-results ignored="0" total="8" passed="8" failed="0" skipped="0">
  <reporter-output>
  </reporter-output>
  <suite started-at="2024-03-02T18:37:18 IST" name="Suite" finished-at="2024-03-02T18:39:44 IST" duration-ms="145973">
    <groups>
    </groups>
    <test started-at="2024-03-02T18:37:18 IST" name="ChromeTest" finished-at="2024-03-02T18:39:44 IST" duration-ms="145973">
      <class name="testScripts.SearchHotelPageTest">
        <test-method is-config="true" signature="openBrowser(java.lang.String)[pri:0, instance:testScripts.SearchHotelPageTest@1bb5a082]" started-at="2024-03-02T18:37:31 IST" name="openBrowser" finished-at="2024-03-02T18:37:35 IST" duration-ms="4724" status="PASS">
          <params>
            <param index="0">
              <value>
                <![CDATA[chrome]]>
              </value>
            </param>
          </params>
          <reporter-output>
          </reporter-output>
        </test-method> <!-- openBrowser -->
        <test-method is-config="true" signature="cretePOMObjects()[pri:0, instance:testScripts.SearchHotelPageTest@1bb5a082]" started-at="2024-03-02T18:37:40 IST" name="cretePOMObjects" finished-at="2024-03-02T18:37:40 IST" duration-ms="129" status="PASS">
          <reporter-output>
          </reporter-output>
        </test-method> <!-- cretePOMObjects -->
        <test-method is-config="true" signature="openApplication()[pri:0, instance:testScripts.SearchHotelPageTest@1bb5a082]" started-at="2024-03-02T18:37:40 IST" name="openApplication" finished-at="2024-03-02T18:38:23 IST" duration-ms="43080" status="PASS">
          <reporter-output>
          </reporter-output>
        </test-method> <!-- openApplication -->
        <test-method signature="verifyResetButton()[pri:-1, instance:testScripts.SearchHotelPageTest@1bb5a082]" started-at="2024-03-02T18:38:23 IST" name="verifyResetButton" finished-at="2024-03-02T18:38:23 IST" duration-ms="185" status="PASS">
          <reporter-output>
          </reporter-output>
        </test-method> <!-- verifyResetButton -->
        <test-method is-config="true" signature="logoutApplication(org.testng.ITestResult)[pri:0, instance:testScripts.SearchHotelPageTest@1bb5a082]" started-at="2024-03-02T18:38:23 IST" name="logoutApplication" finished-at="2024-03-02T18:38:26 IST" duration-ms="2364" status="PASS">
          <params>
            <param index="0">
              <value>
                <![CDATA[[TestResult name=verifyResetButton status=SUCCESS method=SearchHotelPageTest.verifyResetButton()[pri:-1, instance:testScripts.SearchHotelPageTest@1bb5a082] output={null}]]]>
              </value>
            </param>
          </params>
          <reporter-output>
          </reporter-output>
        </test-method> <!-- logoutApplication -->
        <test-method is-config="true" signature="openApplication()[pri:0, instance:testScripts.SearchHotelPageTest@1bb5a082]" started-at="2024-03-02T18:38:26 IST" name="openApplication" finished-at="2024-03-02T18:38:40 IST" duration-ms="13981" status="PASS">
          <reporter-output>
          </reporter-output>
        </test-method> <!-- openApplication -->
        <test-method signature="verifySearchButton()[pri:0, instance:testScripts.SearchHotelPageTest@1bb5a082]" started-at="2024-03-02T18:38:40 IST" name="verifySearchButton" finished-at="2024-03-02T18:38:43 IST" duration-ms="2975" status="PASS">
          <reporter-output>
          </reporter-output>
        </test-method> <!-- verifySearchButton -->
        <test-method is-config="true" signature="logoutApplication(org.testng.ITestResult)[pri:0, instance:testScripts.SearchHotelPageTest@1bb5a082]" started-at="2024-03-02T18:38:43 IST" name="logoutApplication" finished-at="2024-03-02T18:38:44 IST" duration-ms="1543" status="PASS">
          <params>
            <param index="0">
              <value>
                <![CDATA[[TestResult name=verifySearchButton status=SUCCESS method=SearchHotelPageTest.verifySearchButton()[pri:0, instance:testScripts.SearchHotelPageTest@1bb5a082] output={null}]]]>
              </value>
            </param>
          </params>
          <reporter-output>
          </reporter-output>
        </test-method> <!-- logoutApplication -->
        <test-method is-config="true" signature="clearObjects()[pri:0, instance:testScripts.SearchHotelPageTest@1bb5a082]" started-at="2024-03-02T18:38:44 IST" name="clearObjects" finished-at="2024-03-02T18:38:44 IST" duration-ms="0" status="PASS">
          <reporter-output>
          </reporter-output>
        </test-method> <!-- clearObjects -->
        <test-method is-config="true" signature="closeBrowser()[pri:0, instance:testScripts.SearchHotelPageTest@1bb5a082]" started-at="2024-03-02T18:39:42 IST" name="closeBrowser" finished-at="2024-03-02T18:39:43 IST" duration-ms="737" status="PASS">
          <reporter-output>
          </reporter-output>
        </test-method> <!-- closeBrowser -->
      </class> <!-- testScripts.SearchHotelPageTest -->
      <class name="testScripts.LoginPageTest">
        <test-method is-config="true" signature="openBrowser(java.lang.String)[pri:0, instance:testScripts.LoginPageTest@76505305]" started-at="2024-03-02T18:37:25 IST" name="openBrowser" finished-at="2024-03-02T18:37:31 IST" duration-ms="5298" status="PASS">
          <params>
            <param index="0">
              <value>
                <![CDATA[chrome]]>
              </value>
            </param>
          </params>
          <reporter-output>
          </reporter-output>
        </test-method> <!-- openBrowser -->
        <test-method is-config="true" signature="cretePOMObjects()[pri:0, instance:testScripts.LoginPageTest@76505305]" started-at="2024-03-02T18:37:40 IST" name="cretePOMObjects" finished-at="2024-03-02T18:37:40 IST" duration-ms="0" status="PASS">
          <reporter-output>
          </reporter-output>
        </test-method> <!-- cretePOMObjects -->
        <test-method is-config="true" signature="openApplication()[pri:0, instance:testScripts.LoginPageTest@76505305]" started-at="2024-03-02T18:37:40 IST" name="openApplication" finished-at="2024-03-02T18:38:21 IST" duration-ms="40706" status="PASS">
          <reporter-output>
          </reporter-output>
        </test-method> <!-- openApplication -->
        <test-method signature="verifyLoginbutton()[pri:1, instance:testScripts.LoginPageTest@76505305]" started-at="2024-03-02T18:38:21 IST" name="verifyLoginbutton" finished-at="2024-03-02T18:38:21 IST" duration-ms="27" status="PASS">
          <reporter-output>
          </reporter-output>
        </test-method> <!-- verifyLoginbutton -->
        <test-method is-config="true" signature="logoutApplication(org.testng.ITestResult)[pri:0, instance:testScripts.LoginPageTest@76505305]" started-at="2024-03-02T18:38:21 IST" name="logoutApplication" finished-at="2024-03-02T18:38:22 IST" duration-ms="1149" status="PASS">
          <params>
            <param index="0">
              <value>
                <![CDATA[[TestResult name=verifyLoginbutton status=SUCCESS method=LoginPageTest.verifyLoginbutton()[pri:1, instance:testScripts.LoginPageTest@76505305] output={null}]]]>
              </value>
            </param>
          </params>
          <reporter-output>
          </reporter-output>
        </test-method> <!-- logoutApplication -->
        <test-method is-config="true" signature="openApplication()[pri:0, instance:testScripts.LoginPageTest@76505305]" started-at="2024-03-02T18:38:22 IST" name="openApplication" finished-at="2024-03-02T18:38:38 IST" duration-ms="15859" status="PASS">
          <reporter-output>
          </reporter-output>
        </test-method> <!-- openApplication -->
        <test-method signature="verifyLogo()[pri:2, instance:testScripts.LoginPageTest@76505305]" started-at="2024-03-02T18:38:38 IST" name="verifyLogo" finished-at="2024-03-02T18:38:38 IST" duration-ms="31" status="PASS">
          <reporter-output>
          </reporter-output>
        </test-method> <!-- verifyLogo -->
        <test-method is-config="true" signature="logoutApplication(org.testng.ITestResult)[pri:0, instance:testScripts.LoginPageTest@76505305]" started-at="2024-03-02T18:38:38 IST" name="logoutApplication" finished-at="2024-03-02T18:38:39 IST" duration-ms="1608" status="PASS">
          <params>
            <param index="0">
              <value>
                <![CDATA[[TestResult name=verifyLogo status=SUCCESS method=LoginPageTest.verifyLogo()[pri:2, instance:testScripts.LoginPageTest@76505305] output={null}]]]>
              </value>
            </param>
          </params>
          <reporter-output>
          </reporter-output>
        </test-method> <!-- logoutApplication -->
        <test-method is-config="true" signature="clearObjects()[pri:0, instance:testScripts.LoginPageTest@76505305]" started-at="2024-03-02T18:38:39 IST" name="clearObjects" finished-at="2024-03-02T18:38:39 IST" duration-ms="0" status="PASS">
          <reporter-output>
          </reporter-output>
        </test-method> <!-- clearObjects -->
        <test-method is-config="true" signature="closeBrowser()[pri:0, instance:testScripts.LoginPageTest@76505305]" started-at="2024-03-02T18:39:41 IST" name="closeBrowser" finished-at="2024-03-02T18:39:42 IST" duration-ms="1048" status="PASS">
          <reporter-output>
          </reporter-output>
        </test-method> <!-- closeBrowser -->
      </class> <!-- testScripts.LoginPageTest -->
      <class name="testScripts.BookHotelPageTest">
        <test-method is-config="true" signature="openBrowser(java.lang.String)[pri:0, instance:testScripts.BookHotelPageTest@41d477ed]" started-at="2024-03-02T18:37:18 IST" name="openBrowser" finished-at="2024-03-02T18:37:25 IST" duration-ms="7408" status="PASS">
          <params>
            <param index="0">
              <value>
                <![CDATA[chrome]]>
              </value>
            </param>
          </params>
          <reporter-output>
          </reporter-output>
        </test-method> <!-- openBrowser -->
        <test-method is-config="true" signature="cretePOMObjects()[pri:0, instance:testScripts.BookHotelPageTest@41d477ed]" started-at="2024-03-02T18:37:40 IST" name="cretePOMObjects" finished-at="2024-03-02T18:37:40 IST" duration-ms="54" status="PASS">
          <reporter-output>
          </reporter-output>
        </test-method> <!-- cretePOMObjects -->
        <test-method is-config="true" signature="openApplication()[pri:0, instance:testScripts.BookHotelPageTest@41d477ed]" started-at="2024-03-02T18:37:40 IST" name="openApplication" finished-at="2024-03-02T18:38:34 IST" duration-ms="54248" status="PASS">
          <reporter-output>
          </reporter-output>
        </test-method> <!-- openApplication -->
        <test-method signature="verifyBookNowButton()[pri:0, instance:testScripts.BookHotelPageTest@41d477ed]" started-at="2024-03-02T18:38:34 IST" name="verifyBookNowButton" finished-at="2024-03-02T18:38:45 IST" duration-ms="10269" status="PASS">
          <reporter-output>
          </reporter-output>
        </test-method> <!-- verifyBookNowButton -->
        <test-method is-config="true" signature="logoutApplication(org.testng.ITestResult)[pri:0, instance:testScripts.BookHotelPageTest@41d477ed]" started-at="2024-03-02T18:38:45 IST" name="logoutApplication" finished-at="2024-03-02T18:38:50 IST" duration-ms="5009" status="PASS">
          <params>
            <param index="0">
              <value>
                <![CDATA[[TestResult name=verifyBookNowButton status=SUCCESS method=BookHotelPageTest.verifyBookNowButton()[pri:0, instance:testScripts.BookHotelPageTest@41d477ed] output={null}]]]>
              </value>
            </param>
          </params>
          <reporter-output>
          </reporter-output>
        </test-method> <!-- logoutApplication -->
        <test-method is-config="true" signature="openApplication()[pri:0, instance:testScripts.BookHotelPageTest@41d477ed]" started-at="2024-03-02T18:38:50 IST" name="openApplication" finished-at="2024-03-02T18:39:22 IST" duration-ms="32343" status="PASS">
          <reporter-output>
          </reporter-output>
        </test-method> <!-- openApplication -->
        <test-method signature="verifyCancelButton()[pri:1, instance:testScripts.BookHotelPageTest@41d477ed]" started-at="2024-03-02T18:39:22 IST" name="verifyCancelButton" finished-at="2024-03-02T18:39:27 IST" duration-ms="4678" status="PASS">
          <reporter-output>
          </reporter-output>
        </test-method> <!-- verifyCancelButton -->
        <test-method is-config="true" signature="logoutApplication(org.testng.ITestResult)[pri:0, instance:testScripts.BookHotelPageTest@41d477ed]" started-at="2024-03-02T18:39:27 IST" name="logoutApplication" finished-at="2024-03-02T18:39:32 IST" duration-ms="5054" status="PASS">
          <params>
            <param index="0">
              <value>
                <![CDATA[[TestResult name=verifyCancelButton status=SUCCESS method=BookHotelPageTest.verifyCancelButton()[pri:1, instance:testScripts.BookHotelPageTest@41d477ed] output={null}]]]>
              </value>
            </param>
          </params>
          <reporter-output>
          </reporter-output>
        </test-method> <!-- logoutApplication -->
        <test-method is-config="true" signature="clearObjects()[pri:0, instance:testScripts.BookHotelPageTest@41d477ed]" started-at="2024-03-02T18:39:32 IST" name="clearObjects" finished-at="2024-03-02T18:39:32 IST" duration-ms="0" status="PASS">
          <reporter-output>
          </reporter-output>
        </test-method> <!-- clearObjects -->
        <test-method is-config="true" signature="closeBrowser()[pri:0, instance:testScripts.BookHotelPageTest@41d477ed]" started-at="2024-03-02T18:39:32 IST" name="closeBrowser" finished-at="2024-03-02T18:39:41 IST" duration-ms="9045" status="PASS">
          <reporter-output>
          </reporter-output>
        </test-method> <!-- closeBrowser -->
      </class> <!-- testScripts.BookHotelPageTest -->
      <class name="testScripts.SelectHotelPageTest">
        <test-method is-config="true" signature="openBrowser(java.lang.String)[pri:0, instance:testScripts.SelectHotelPageTest@78691363]" started-at="2024-03-02T18:37:35 IST" name="openBrowser" finished-at="2024-03-02T18:37:40 IST" duration-ms="4485" status="PASS">
          <params>
            <param index="0">
              <value>
                <![CDATA[chrome]]>
              </value>
            </param>
          </params>
          <reporter-output>
          </reporter-output>
        </test-method> <!-- openBrowser -->
        <test-method is-config="true" signature="cretePOMObjects()[pri:0, instance:testScripts.SelectHotelPageTest@78691363]" started-at="2024-03-02T18:37:40 IST" name="cretePOMObjects" finished-at="2024-03-02T18:37:40 IST" duration-ms="247" status="PASS">
          <reporter-output>
          </reporter-output>
        </test-method> <!-- cretePOMObjects -->
        <test-method is-config="true" signature="openApplication()[pri:0, instance:testScripts.SelectHotelPageTest@78691363]" started-at="2024-03-02T18:37:40 IST" name="openApplication" finished-at="2024-03-02T18:38:18 IST" duration-ms="37399" status="PASS">
          <reporter-output>
          </reporter-output>
        </test-method> <!-- openApplication -->
        <test-method signature="verifyContinewButton()[pri:-1, instance:testScripts.SelectHotelPageTest@78691363]" started-at="2024-03-02T18:38:18 IST" name="verifyContinewButton" finished-at="2024-03-02T18:38:20 IST" duration-ms="2011" status="PASS">
          <reporter-output>
          </reporter-output>
        </test-method> <!-- verifyContinewButton -->
        <test-method is-config="true" signature="logoutApplication(org.testng.ITestResult)[pri:0, instance:testScripts.SelectHotelPageTest@78691363]" started-at="2024-03-02T18:38:20 IST" name="logoutApplication" finished-at="2024-03-02T18:38:22 IST" duration-ms="2492" status="PASS">
          <params>
            <param index="0">
              <value>
                <![CDATA[[TestResult name=verifyContinewButton status=SUCCESS method=SelectHotelPageTest.verifyContinewButton()[pri:-1, instance:testScripts.SelectHotelPageTest@78691363] output={null}]]]>
              </value>
            </param>
          </params>
          <reporter-output>
          </reporter-output>
        </test-method> <!-- logoutApplication -->
        <test-method is-config="true" signature="openApplication()[pri:0, instance:testScripts.SelectHotelPageTest@78691363]" started-at="2024-03-02T18:38:22 IST" name="openApplication" finished-at="2024-03-02T18:38:44 IST" duration-ms="22046" status="PASS">
          <reporter-output>
          </reporter-output>
        </test-method> <!-- openApplication -->
        <test-method signature="verifyCancelButton()[pri:0, instance:testScripts.SelectHotelPageTest@78691363]" started-at="2024-03-02T18:38:44 IST" name="verifyCancelButton" finished-at="2024-03-02T18:38:45 IST" duration-ms="1016" status="PASS">
          <reporter-output>
          </reporter-output>
        </test-method> <!-- verifyCancelButton -->
        <test-method is-config="true" signature="logoutApplication(org.testng.ITestResult)[pri:0, instance:testScripts.SelectHotelPageTest@78691363]" started-at="2024-03-02T18:38:45 IST" name="logoutApplication" finished-at="2024-03-02T18:38:46 IST" duration-ms="1108" status="PASS">
          <params>
            <param index="0">
              <value>
                <![CDATA[[TestResult name=verifyCancelButton status=SUCCESS method=SelectHotelPageTest.verifyCancelButton()[pri:0, instance:testScripts.SelectHotelPageTest@78691363] output={null}]]]>
              </value>
            </param>
          </params>
          <reporter-output>
          </reporter-output>
        </test-method> <!-- logoutApplication -->
        <test-method is-config="true" signature="clearObjects()[pri:0, instance:testScripts.SelectHotelPageTest@78691363]" started-at="2024-03-02T18:38:46 IST" name="clearObjects" finished-at="2024-03-02T18:38:46 IST" duration-ms="0" status="PASS">
          <reporter-output>
          </reporter-output>
        </test-method> <!-- clearObjects -->
        <test-method is-config="true" signature="closeBrowser()[pri:0, instance:testScripts.SelectHotelPageTest@78691363]" started-at="2024-03-02T18:39:43 IST" name="closeBrowser" finished-at="2024-03-02T18:39:44 IST" duration-ms="1165" status="PASS">
          <reporter-output>
          </reporter-output>
        </test-method> <!-- closeBrowser -->
      </class> <!-- testScripts.SelectHotelPageTest -->
    </test> <!-- ChromeTest -->
  </suite> <!-- Suite -->
</testng-results>
