<?xml version="1.0" encoding="UTF-8"?>
<!-- Generated by org.testng.reporters.JUnitXMLReporter -->
<testsuite ignored="0" hostname="Dreamrider" failures="0" tests="8" name="ChromeTest" time="145.973" errors="0" timestamp="2024-03-02T18:39:44 IST">
  <testcase classname="testScripts.SelectHotelPageTest" name="verifyContinewButton" time="2.011"/>
  <testcase classname="testScripts.LoginPageTest" name="verifyLoginbutton" time="0.027"/>
  <testcase classname="testScripts.SearchHotelPageTest" name="verifyResetButton" time="0.185"/>
  <testcase classname="testScripts.LoginPageTest" name="verifyLogo" time="0.031"/>
  <testcase classname="testScripts.SearchHotelPageTest" name="verifySearchButton" time="2.975"/>
  <testcase classname="testScripts.BookHotelPageTest" name="verifyBookNowButton" time="10.269"/>
  <testcase classname="testScripts.SelectHotelPageTest" name="verifyCancelButton" time="1.016"/>
  <testcase classname="testScripts.BookHotelPageTest" name="verifyCancelButton" time="4.678"/>
</testsuite> <!-- ChromeTest -->
