<?xml version="1.0" encoding="UTF-8"?>
<!-- Generated by org.testng.reporters.JUnitXMLReporter -->
<testsuite ignored="0" hostname="Dreamrider" failures="0" tests="4" name="Default test" time="0.063" errors="0" timestamp="2024-03-26T10:30:38 IST">
  <testcase classname="testScripts.TestClass" name="testD" time="0.005"/>
  <testcase classname="testScripts.TestClass" name="testA" time="0.002"/>
  <testcase classname="testScripts.TestClass" name="testB" time="0.007"/>
  <testcase classname="testScripts.TestClass" name="testC" time="0.003"/>
</testsuite> <!-- Default test -->
